{"error":{"cause":{"code":"UND_ERR_CONNECT_TIMEOUT","message":"Connect Timeout Error","name":"ConnectTimeoutError"}},"level":"error","message":"API Error:","service":"user-service","timestamp":"2025-02-05 05:38:54"}
{"error":{"cause":{"code":"UND_ERR_CONNECT_TIMEOUT","message":"Connect Timeout Error","name":"ConnectTimeoutError"}},"level":"error","message":"API Error:","service":"user-service","timestamp":"2025-02-05 05:38:54"}
{"error":{"cause":{"code":"UND_ERR_CONNECT_TIMEOUT","message":"Connect Timeout Error","name":"ConnectTimeoutError"}},"level":"error","message":"Failed to fetch Listings","service":"user-service","timestamp":"2025-02-05 05:38:54"}
{"error":{"cause":{"code":"UND_ERR_CONNECT_TIMEOUT","message":"Connect Timeout Error","name":"ConnectTimeoutError"}},"level":"error","message":"API Error:","service":"user-service","timestamp":"2025-02-05 05:38:54"}
{"error":{"cause":{"code":"UND_ERR_CONNECT_TIMEOUT","message":"Connect Timeout Error","name":"ConnectTimeoutError"}},"level":"error","message":"Failed to fetch developers","service":"user-service","timestamp":"2025-02-05 05:38:54"}
{"error":{"cause":{"code":"UND_ERR_CONNECT_TIMEOUT","message":"Connect Timeout Error","name":"ConnectTimeoutError"}},"level":"error","message":"API Error:","service":"user-service","timestamp":"2025-02-05 05:41:25"}
{"error":{"cause":{"code":"UND_ERR_CONNECT_TIMEOUT","message":"Connect Timeout Error","name":"ConnectTimeoutError"}},"level":"error","message":"API Error:","service":"user-service","timestamp":"2025-02-05 05:41:25"}
{"error":{"cause":{"code":"UND_ERR_CONNECT_TIMEOUT","message":"Connect Timeout Error","name":"ConnectTimeoutError"}},"level":"error","message":"Failed to fetch Listings","service":"user-service","timestamp":"2025-02-05 05:41:25"}
{"error":{"cause":{"code":"UND_ERR_CONNECT_TIMEOUT","message":"Connect Timeout Error","name":"ConnectTimeoutError"}},"level":"error","message":"API Error:","service":"user-service","timestamp":"2025-02-05 05:41:25"}
{"error":{"cause":{"code":"UND_ERR_CONNECT_TIMEOUT","message":"Connect Timeout Error","name":"ConnectTimeoutError"}},"level":"error","message":"Failed to fetch developers","service":"user-service","timestamp":"2025-02-05 05:41:25"}
{"error":{"cause":{"code":"UND_ERR_CONNECT_TIMEOUT","message":"Connect Timeout Error","name":"ConnectTimeoutError"}},"level":"error","message":"API Error:","service":"user-service","timestamp":"2025-02-05 05:43:34"}
{"error":{"cause":{"code":"UND_ERR_CONNECT_TIMEOUT","message":"Connect Timeout Error","name":"ConnectTimeoutError"}},"level":"error","message":"API Error:","service":"user-service","timestamp":"2025-02-05 05:43:34"}
{"error":{"cause":{"code":"UND_ERR_CONNECT_TIMEOUT","message":"Connect Timeout Error","name":"ConnectTimeoutError"}},"level":"error","message":"Failed to fetch Listings","service":"user-service","timestamp":"2025-02-05 05:43:34"}
{"error":{"cause":{"code":"UND_ERR_CONNECT_TIMEOUT","message":"Connect Timeout Error","name":"ConnectTimeoutError"}},"level":"error","message":"API Error:","service":"user-service","timestamp":"2025-02-05 05:43:34"}
{"error":{"cause":{"code":"UND_ERR_CONNECT_TIMEOUT","message":"Connect Timeout Error","name":"ConnectTimeoutError"}},"level":"error","message":"Failed to fetch developers","service":"user-service","timestamp":"2025-02-05 05:43:34"}
{"error":{"cause":{"code":"ENOTFOUND","errno":-3008,"hostname":"propertysearch.website","syscall":"getaddrinfo"}},"level":"error","message":"API Error:","service":"user-service","timestamp":"2025-02-05 05:45:34"}
{"error":{"cause":{"code":"ENOTFOUND","errno":-3008,"hostname":"propertysearch.website","syscall":"getaddrinfo"}},"level":"error","message":"API Error:","service":"user-service","timestamp":"2025-02-05 05:45:34"}
{"error":{"cause":{"code":"ENOTFOUND","errno":-3008,"hostname":"propertysearch.website","syscall":"getaddrinfo"}},"level":"error","message":"Failed to fetch Listings","service":"user-service","timestamp":"2025-02-05 05:45:34"}
{"error":{"cause":{"code":"ENOTFOUND","errno":-3008,"hostname":"propertysearch.website","syscall":"getaddrinfo"}},"level":"error","message":"API Error:","service":"user-service","timestamp":"2025-02-05 05:45:34"}
{"error":{"cause":{"code":"ENOTFOUND","errno":-3008,"hostname":"propertysearch.website","syscall":"getaddrinfo"}},"level":"error","message":"Failed to fetch developers","service":"user-service","timestamp":"2025-02-05 05:45:34"}
