{"error":{"cause":{"code":"UND_ERR_CONNECT_TIMEOUT","message":"Connect Timeout Error","name":"ConnectTimeoutError"}},"level":"error","message":"Engine API error:","service":"user-service","timestamp":"2025-01-20 08:41:31"}
{"error":{"cause":{"code":"UND_ERR_CONNECT_TIMEOUT","message":"Connect Timeout Error","name":"ConnectTimeoutError"}},"level":"error","message":"Engine API error:","service":"user-service","timestamp":"2025-01-20 08:44:20"}
{"error":{"cause":{"code":"UND_ERR_CONNECT_TIMEOUT","message":"Connect Timeout Error","name":"ConnectTimeoutError"}},"level":"error","message":"Engine API error:","service":"user-service","timestamp":"2025-01-20 08:44:47"}
{"error":{"cause":{"code":"UND_ERR_CONNECT_TIMEOUT","message":"Connect Timeout Error","name":"ConnectTimeoutError"}},"level":"error","message":"Engine API error:","service":"user-service","timestamp":"2025-01-20 08:45:54"}
{"error":{"cause":{"code":"UND_ERR_CONNECT_TIMEOUT","message":"Connect Timeout Error","name":"ConnectTimeoutError"}},"level":"error","message":"Engine API error:","service":"user-service","timestamp":"2025-01-20 08:47:07"}
{"error":{"cause":{"code":"UND_ERR_CONNECT_TIMEOUT","message":"Connect Timeout Error","name":"ConnectTimeoutError"}},"level":"error","message":"Engine API error:","service":"user-service","timestamp":"2025-01-20 08:48:22"}
{"error":{"cause":{"code":"UND_ERR_CONNECT_TIMEOUT","message":"Connect Timeout Error","name":"ConnectTimeoutError"}},"level":"error","message":"API Error:","service":"user-service","timestamp":"2025-01-20 08:48:32"}
{"error":{"cause":{"code":"UND_ERR_CONNECT_TIMEOUT","message":"Connect Timeout Error","name":"ConnectTimeoutError"}},"level":"error","message":"API Error:","service":"user-service","timestamp":"2025-01-20 08:48:32"}
{"error":{"cause":{"code":"UND_ERR_CONNECT_TIMEOUT","message":"Connect Timeout Error","name":"ConnectTimeoutError"}},"level":"error","message":"Failed to fetch Listings","service":"user-service","timestamp":"2025-01-20 08:48:32"}
{"error":{"cause":{"code":"UND_ERR_CONNECT_TIMEOUT","message":"Connect Timeout Error","name":"ConnectTimeoutError"}},"level":"error","message":"API Error:","service":"user-service","timestamp":"2025-01-20 08:49:02"}
{"error":{"cause":{"code":"UND_ERR_CONNECT_TIMEOUT","message":"Connect Timeout Error","name":"ConnectTimeoutError"}},"level":"error","message":"API Error:","service":"user-service","timestamp":"2025-01-20 08:49:02"}
{"error":{"cause":{"code":"UND_ERR_CONNECT_TIMEOUT","message":"Connect Timeout Error","name":"ConnectTimeoutError"}},"level":"error","message":"Failed to fetch Listings","service":"user-service","timestamp":"2025-01-20 08:49:02"}
{"error":{"cause":{"code":"UND_ERR_CONNECT_TIMEOUT","message":"Connect Timeout Error","name":"ConnectTimeoutError"}},"level":"error","message":"Engine API error:","service":"user-service","timestamp":"2025-01-20 08:51:59"}
{"error":{"cause":{"code":"UND_ERR_CONNECT_TIMEOUT","message":"Connect Timeout Error","name":"ConnectTimeoutError"}},"level":"error","message":"API Error:","service":"user-service","timestamp":"2025-01-20 08:52:41"}
{"error":{"cause":{"code":"UND_ERR_CONNECT_TIMEOUT","message":"Connect Timeout Error","name":"ConnectTimeoutError"}},"level":"error","message":"Failed to fetch Listings","service":"user-service","timestamp":"2025-01-20 08:52:41"}
{"error":{"cause":{"code":"UND_ERR_CONNECT_TIMEOUT","message":"Connect Timeout Error","name":"ConnectTimeoutError"}},"level":"error","message":"Engine API error:","service":"user-service","timestamp":"2025-01-20 08:54:22"}
{"error":{"cause":{"code":"ENOTFOUND","errno":-3008,"hostname":"propertysearch.website","syscall":"getaddrinfo"}},"level":"error","message":"API Error:","service":"user-service","timestamp":"2025-01-20 08:54:28"}
{"error":{"cause":{"code":"ENOTFOUND","errno":-3008,"hostname":"propertysearch.website","syscall":"getaddrinfo"}},"level":"error","message":"Failed to fetch Listings","service":"user-service","timestamp":"2025-01-20 08:54:28"}
{"error":{"cause":{"code":"UND_ERR_CONNECT_TIMEOUT","message":"Connect Timeout Error","name":"ConnectTimeoutError"}},"level":"error","message":"Engine API error:","service":"user-service","timestamp":"2025-01-20 09:13:13"}
{"error":{"cause":{"code":"UND_ERR_CONNECT_TIMEOUT","message":"Connect Timeout Error","name":"ConnectTimeoutError"}},"level":"error","message":"Engine API error:","service":"user-service","timestamp":"2025-01-20 09:13:47"}
{"error":{},"level":"error","message":"Engine API error:","service":"user-service","timestamp":"2025-01-20 09:23:00"}
