{"error":{"cause":{"code":"UND_ERR_CONNECT_TIMEOUT","message":"Connect Timeout Error","name":"ConnectTimeoutError"}},"level":"error","message":"API Error:","service":"user-service","timestamp":"2025-01-26 16:17:24"}
{"error":{"cause":{"code":"UND_ERR_CONNECT_TIMEOUT","message":"Connect Timeout Error","name":"ConnectTimeoutError"}},"level":"error","message":"Failed to fetch listing [89255]","service":"user-service","timestamp":"2025-01-26 16:17:24"}
{"error":{"cause":{"code":"UND_ERR_CONNECT_TIMEOUT","message":"Connect Timeout Error","name":"ConnectTimeoutError"}},"level":"error","message":"API Error:","service":"user-service","timestamp":"2025-01-26 16:33:58"}
{"error":{"cause":{"code":"UND_ERR_CONNECT_TIMEOUT","message":"Connect Timeout Error","name":"ConnectTimeoutError"}},"level":"error","message":"API Error:","service":"user-service","timestamp":"2025-01-26 16:33:58"}
{"error":{"cause":{"code":"UND_ERR_CONNECT_TIMEOUT","message":"Connect Timeout Error","name":"ConnectTimeoutError"}},"level":"error","message":"Failed to fetch Listings","service":"user-service","timestamp":"2025-01-26 16:33:58"}
{"error":{"cause":{"code":"UND_ERR_CONNECT_TIMEOUT","message":"Connect Timeout Error","name":"ConnectTimeoutError"}},"level":"error","message":"API Error:","service":"user-service","timestamp":"2025-01-26 16:33:58"}
{"error":{"cause":{"code":"UND_ERR_CONNECT_TIMEOUT","message":"Connect Timeout Error","name":"ConnectTimeoutError"}},"level":"error","message":"Failed to fetch developers","service":"user-service","timestamp":"2025-01-26 16:33:58"}
{"error":{},"level":"error","message":"Failed to fetch Listings","service":"user-service","timestamp":"2025-01-26 16:39:12"}
{"error":{},"level":"error","message":"Failed to fetch developers","service":"user-service","timestamp":"2025-01-26 16:39:12"}
{"error":{},"level":"error","message":"Failed to fetch Listings","service":"user-service","timestamp":"2025-01-26 16:39:12"}
{"error":{},"level":"error","message":"Failed to fetch developers","service":"user-service","timestamp":"2025-01-26 16:39:12"}
{"error":{},"level":"error","message":"Failed to fetch Listings","service":"user-service","timestamp":"2025-01-26 16:39:33"}
{"error":{},"level":"error","message":"Failed to fetch developers","service":"user-service","timestamp":"2025-01-26 16:39:33"}
{"error":{},"level":"error","message":"Failed to fetch Listings","service":"user-service","timestamp":"2025-01-26 16:39:33"}
{"error":{},"level":"error","message":"Failed to fetch developers","service":"user-service","timestamp":"2025-01-26 16:39:33"}
{"error":{},"level":"error","message":"Failed to fetch Listings","service":"user-service","timestamp":"2025-01-26 16:40:39"}
{"error":{},"level":"error","message":"Failed to fetch developers","service":"user-service","timestamp":"2025-01-26 16:40:39"}
{"error":{},"level":"error","message":"Failed to fetch Listings","service":"user-service","timestamp":"2025-01-26 16:46:30"}
{"error":{},"level":"error","message":"Failed to fetch developers","service":"user-service","timestamp":"2025-01-26 16:46:30"}
{"error":{"cause":{"code":"UND_ERR_CONNECT_TIMEOUT","message":"Connect Timeout Error","name":"ConnectTimeoutError"}},"level":"error","message":"API Error:","service":"user-service","timestamp":"2025-01-26 17:07:04"}
{"error":{"cause":{"code":"UND_ERR_CONNECT_TIMEOUT","message":"Connect Timeout Error","name":"ConnectTimeoutError"}},"level":"error","message":"Failed to fetch Listings","service":"user-service","timestamp":"2025-01-26 17:07:04"}
{"error":{"cause":{"code":"UND_ERR_CONNECT_TIMEOUT","message":"Connect Timeout Error","name":"ConnectTimeoutError"}},"level":"error","message":"API Error:","service":"user-service","timestamp":"2025-01-26 17:36:58"}
{"error":{"cause":{"code":"UND_ERR_CONNECT_TIMEOUT","message":"Connect Timeout Error","name":"ConnectTimeoutError"}},"level":"error","message":"Failed to fetch listing [89256]","service":"user-service","timestamp":"2025-01-26 17:36:58"}
{"error":{"cause":{"code":"ENOTFOUND","errno":-3008,"hostname":"propertysearch.website","syscall":"getaddrinfo"}},"level":"error","message":"API Error:","service":"user-service","timestamp":"2025-01-26 17:36:59"}
{"error":{"cause":{"code":"ENOTFOUND","errno":-3008,"hostname":"propertysearch.website","syscall":"getaddrinfo"}},"level":"error","message":"Failed to fetch listing [undefined]","service":"user-service","timestamp":"2025-01-26 17:36:59"}
{"error":{"cause":{"code":"UND_ERR_CONNECT_TIMEOUT","message":"Connect Timeout Error","name":"ConnectTimeoutError"}},"level":"error","message":"API Error:","service":"user-service","timestamp":"2025-01-26 18:22:18"}
{"error":{"cause":{"code":"UND_ERR_CONNECT_TIMEOUT","message":"Connect Timeout Error","name":"ConnectTimeoutError"}},"level":"error","message":"Failed to fetch Listings","service":"user-service","timestamp":"2025-01-26 18:22:18"}
{"error":{"cause":{"code":"UND_ERR_CONNECT_TIMEOUT","message":"Connect Timeout Error","name":"ConnectTimeoutError"}},"level":"error","message":"API Error:","service":"user-service","timestamp":"2025-01-26 18:23:00"}
{"error":{"cause":{"code":"UND_ERR_CONNECT_TIMEOUT","message":"Connect Timeout Error","name":"ConnectTimeoutError"}},"level":"error","message":"Failed to fetch listing [89258]","service":"user-service","timestamp":"2025-01-26 18:23:00"}
{"error":{"cause":{"code":"UND_ERR_CONNECT_TIMEOUT","message":"Connect Timeout Error","name":"ConnectTimeoutError"}},"level":"error","message":"API Error:","service":"user-service","timestamp":"2025-01-26 18:47:43"}
{"error":{"cause":{"code":"UND_ERR_CONNECT_TIMEOUT","message":"Connect Timeout Error","name":"ConnectTimeoutError"}},"level":"error","message":"Failed to fetch listing [88521]","service":"user-service","timestamp":"2025-01-26 18:47:43"}
{"error":{"cause":{"code":"UND_ERR_CONNECT_TIMEOUT","message":"Connect Timeout Error","name":"ConnectTimeoutError"}},"level":"error","message":"API Error:","service":"user-service","timestamp":"2025-01-26 18:52:26"}
{"error":{"cause":{"code":"UND_ERR_CONNECT_TIMEOUT","message":"Connect Timeout Error","name":"ConnectTimeoutError"}},"level":"error","message":"Failed to fetch listing [88521]","service":"user-service","timestamp":"2025-01-26 18:52:26"}
{"error":{"cause":{"code":"UND_ERR_CONNECT_TIMEOUT","message":"Connect Timeout Error","name":"ConnectTimeoutError"}},"level":"error","message":"API Error:","service":"user-service","timestamp":"2025-01-26 19:30:32"}
{"error":{"cause":{"code":"UND_ERR_CONNECT_TIMEOUT","message":"Connect Timeout Error","name":"ConnectTimeoutError"}},"level":"error","message":"Failed to fetch listing [89255]","service":"user-service","timestamp":"2025-01-26 19:30:32"}
{"error":{"cause":{"code":"ENOTFOUND","errno":-3008,"hostname":"propertysearch.website","syscall":"getaddrinfo"}},"level":"error","message":"API Error:","service":"user-service","timestamp":"2025-01-26 19:30:33"}
{"error":{"cause":{"code":"ENOTFOUND","errno":-3008,"hostname":"propertysearch.website","syscall":"getaddrinfo"}},"level":"error","message":"Failed to fetch listing [89255]","service":"user-service","timestamp":"2025-01-26 19:30:33"}
{"error":{"cause":{"code":"UND_ERR_CONNECT_TIMEOUT","message":"Connect Timeout Error","name":"ConnectTimeoutError"}},"level":"error","message":"API Error:","service":"user-service","timestamp":"2025-01-26 19:37:33"}
{"error":{"cause":{"code":"UND_ERR_CONNECT_TIMEOUT","message":"Connect Timeout Error","name":"ConnectTimeoutError"}},"level":"error","message":"Failed to fetch listing [14012]","service":"user-service","timestamp":"2025-01-26 19:37:33"}
